[SUCCESS] Sat 08/23/2025 13:10:44.26 - Enhanced Rotowire Fetch completed 
[SUCCESS] Sat 08/23/2025 13:10:50.07 - Create Starting Lineups completed 
[SUCCESS] Sat 08/23/2025 13:10:59.03 - Create Pipeline-Ready Starters completed 
[SUCCESS] Sat 08/23/2025 13:10:59.70 - Generate Hitter Games completed 
[SUCCESS] Sat 08/23/2025 13:11:30.97 - Assign Hitter IDs completed 
[SUCCESS] Sat 08/23/2025 13:11:31.04 - Assign Hitter Game PKs completed 
[SUCCESS] Sat 08/23/2025 13:11:31.72 - Generate Pitcher Games completed 
[ERROR] Sat 08/23/2025 13:11:31.77 - Assign Pitcher IDs failed with code 2 
[SUCCESS] Sat 08/23/2025 13:17:50.67 - Enhanced Rotowire Fetch completed 
[SUCCESS] Sat 08/23/2025 13:17:53.45 - Create Starting Lineups completed 
[SUCCESS] Sat 08/23/2025 13:18:01.58 - Create Pipeline-Ready Starters completed 
[SUCCESS] Sat 08/23/2025 13:18:02.22 - Generate Hitter Games completed 
[SUCCESS] Sat 08/23/2025 13:18:34.00 - Assign Hitter IDs completed 
[SUCCESS] Sat 08/23/2025 13:18:34.05 - Assign Hitter Game PKs completed 
[SUCCESS] Sat 08/23/2025 13:18:34.65 - Generate Pitcher Games completed 
[SUCCESS] Sat 08/23/2025 13:19:11.33 - Assign Pitcher IDs completed 
[SUCCESS] Sat 08/23/2025 13:21:43.05 - Assign Pitcher Game PKs completed 
[ERROR] Sat 08/23/2025 13:21:43.12 - Scrape Hitter Stats failed with code 2 
[SUCCESS] Sat 08/23/2025 13:23:35.31 - Enhanced Rotowire Fetch completed 
[SUCCESS] Sat 08/23/2025 13:23:38.48 - Create Starting Lineups completed 
[SUCCESS] Sat 08/23/2025 13:23:46.37 - Create Pipeline-Ready Starters completed 
[SUCCESS] Sat 08/23/2025 13:23:47.11 - Generate Hitter Games completed 
[SUCCESS] Sat 08/23/2025 13:24:18.90 - Assign Hitter IDs completed 
[SUCCESS] Sat 08/23/2025 13:24:18.96 - Assign Hitter Game PKs completed 
[SUCCESS] Sat 08/23/2025 13:24:19.59 - Generate Pitcher Games completed 
[SUCCESS] Sat 08/23/2025 13:24:55.65 - Assign Pitcher IDs completed 
[SUCCESS] Sat 08/23/2025 13:27:37.27 - Assign Pitcher Game PKs completed 
[SUCCESS] Sat 08/23/2025 13:31:06.62 - Scrape Hitter Stats completed 
[SUCCESS] Sat 08/23/2025 13:37:41.61 - Scrape Pitcher Stats completed 
[ERROR] Sat 08/23/2025 13:37:41.68 - Fetch Earned Runs failed with code 2 
[SUCCESS] Sat 08/23/2025 13:41:51.97 - Enhanced Rotowire Fetch completed 
[SUCCESS] Sat 08/23/2025 13:41:55.01 - Create Starting Lineups completed 
[SUCCESS] Sat 08/23/2025 13:42:02.76 - Create Pipeline-Ready Starters completed 
[SUCCESS] Sat 08/23/2025 13:42:03.39 - Generate Hitter Games completed 
[SUCCESS] Sat 08/23/2025 13:42:35.22 - Assign Hitter IDs completed 
[SUCCESS] Sat 08/23/2025 13:42:35.30 - Assign Hitter Game PKs completed 
[SUCCESS] Sat 08/23/2025 13:42:35.94 - Generate Pitcher Games completed 
[SUCCESS] Sat 08/23/2025 13:43:12.25 - Assign Pitcher IDs completed 
[SUCCESS] Sat 08/23/2025 13:46:51.11 - Assign Pitcher Game PKs completed 
[SUCCESS] Sat 08/23/2025 13:50:06.50 - Scrape Hitter Stats completed 
[SUCCESS] Sat 08/23/2025 13:57:08.25 - Scrape Pitcher Stats completed 
[SUCCESS] Sat 08/23/2025 14:04:02.95 - Fetch Earned Runs completed 
[ERROR] Sat 08/23/2025 14:04:03.82 - Aggregate Pitcher Stats failed with code 1 
[SUCCESS] Sat 08/23/2025 14:05:44.42 - Enhanced Rotowire Fetch completed 
[SUCCESS] Sat 08/23/2025 14:05:47.36 - Create Starting Lineups completed 
[SUCCESS] Sat 08/23/2025 14:05:55.08 - Create Pipeline-Ready Starters completed 
[SUCCESS] Sat 08/23/2025 14:05:55.71 - Generate Hitter Games completed 
[SUCCESS] Sat 08/23/2025 14:06:27.01 - Assign Hitter IDs completed 
[SUCCESS] Sat 08/23/2025 14:06:27.08 - Assign Hitter Game PKs completed 
[SUCCESS] Sat 08/23/2025 14:06:27.77 - Generate Pitcher Games completed 
[SUCCESS] Sat 08/23/2025 14:07:03.76 - Assign Pitcher IDs completed 
[SUCCESS] Sat 08/23/2025 14:09:38.05 - Assign Pitcher Game PKs completed 
[SUCCESS] Sat 08/23/2025 14:13:24.42 - Scrape Hitter Stats completed 
[SUCCESS] Sat 08/23/2025 14:20:20.37 - Scrape Pitcher Stats completed 
[SUCCESS] Sat 08/23/2025 14:28:06.47 - Fetch Earned Runs completed 
[SUCCESS] Sat 08/23/2025 14:28:07.55 - Aggregate Pitcher Stats completed 
[ERROR] Sat 08/23/2025 14:28:07.62 - Build Today Pitcher Features failed with code 2 
[SUCCESS] Sat 08/23/2025 14:45:21.38 - Enhanced Rotowire Fetch completed 
[SUCCESS] Sat 08/23/2025 14:45:25.52 - Create Starting Lineups completed 
[SUCCESS] Sat 08/23/2025 14:45:36.46 - Create Pipeline-Ready Starters completed 
[SUCCESS] Sat 08/23/2025 14:45:37.53 - Generate Hitter Games completed 
[SUCCESS] Sat 08/23/2025 14:46:10.26 - Assign Hitter IDs completed 
[SUCCESS] Sat 08/23/2025 14:50:45.88 - Assign Hitter Game PKs completed 
[SUCCESS] Sat 08/23/2025 14:50:46.98 - Generate Pitcher Games completed 
[SUCCESS] Sat 08/23/2025 14:51:24.40 - Assign Pitcher IDs completed 
[SUCCESS] Sat 08/23/2025 14:56:31.42 - Assign Pitcher Game PKs completed 
[SUCCESS] Sat 08/23/2025 15:01:34.21 - Scrape Hitter Stats completed 
[ERROR] Sat 08/23/2025 15:03:06.40 - Scrape Pitcher Stats failed with code -1073741510 
[SUCCESS] Sat 08/23/2025 15:50:54.39 - Enhanced Rotowire Fetch completed 
[SUCCESS] Sat 08/23/2025 15:50:57.30 - Create Starting Lineups completed 
[SUCCESS] Sat 08/23/2025 15:51:06.17 - Create Pipeline-Ready Starters completed 
[SUCCESS] Sat 08/23/2025 15:51:07.05 - Generate Hitter Games completed 
[SUCCESS] Sat 08/23/2025 15:51:38.74 - Assign Hitter IDs completed 
[SUCCESS] Sat 08/23/2025 15:56:45.23 - Assign Hitter Game PKs completed 
[SUCCESS] Sat 08/23/2025 15:56:45.83 - Generate Pitcher Games completed 
[SUCCESS] Sat 08/23/2025 15:57:21.92 - Assign Pitcher IDs completed 
[SUCCESS] Sat 08/23/2025 16:02:57.23 - Assign Pitcher Game PKs completed 
[SUCCESS] Sat 08/23/2025 16:07:47.38 - Scrape Hitter Stats completed 
[SUCCESS] Sat 08/23/2025 16:15:12.20 - Scrape Pitcher Stats completed 
[SUCCESS] Sat 08/23/2025 16:22:20.81 - Fetch Earned Runs completed 
[SUCCESS] Sat 08/23/2025 16:22:21.70 - Aggregate Pitcher Stats completed 
[SUCCESS] Sat 08/23/2025 16:22:22.81 - Build Today Pitcher Features completed 
[SUCCESS] Sat 08/23/2025 16:22:24.82 - Build Rolling Hitter Features completed 
[SUCCESS] Sat 08/23/2025 16:22:26.20 - Build Rolling Pitcher Features completed 
[ERROR] Sat 08/23/2025 16:22:27.43 - Build Today Hitter Features failed with code 1 
[SUCCESS] Sat 08/23/2025 16:33:05.99 - Enhanced Rotowire Fetch completed 
[SUCCESS] Sat 08/23/2025 16:33:09.12 - Create Starting Lineups completed 
[SUCCESS] Sat 08/23/2025 16:33:16.87 - Create Pipeline-Ready Starters completed 
[SUCCESS] Sat 08/23/2025 16:33:17.55 - Generate Hitter Games completed 
[SUCCESS] Sat 08/23/2025 16:33:49.48 - Assign Hitter IDs completed 
[SUCCESS] Sat 08/23/2025 16:36:46.32 - Assign Hitter Game PKs completed 
[SUCCESS] Sat 08/23/2025 16:36:46.92 - Generate Pitcher Games completed 
[SUCCESS] Sat 08/23/2025 16:37:23.00 - Assign Pitcher IDs completed 
[SUCCESS] Sat 08/23/2025 16:40:31.31 - Assign Pitcher Game PKs completed 
[SUCCESS] Sat 08/23/2025 16:44:19.73 - Scrape Hitter Stats completed 
[SUCCESS] Sat 08/23/2025 16:51:42.80 - Scrape Pitcher Stats completed 
[SUCCESS] Sat 08/23/2025 17:00:19.73 - Fetch Earned Runs completed 
[SUCCESS] Sat 08/23/2025 17:00:20.41 - Aggregate Pitcher Stats completed 
[SUCCESS] Sat 08/23/2025 17:00:21.12 - Build Today Pitcher Features completed 
[SUCCESS] Sat 08/23/2025 17:00:22.26 - Build Rolling Hitter Features completed 
[SUCCESS] Sat 08/23/2025 17:00:23.24 - Build Rolling Pitcher Features completed 
[ERROR] Sat 08/23/2025 17:00:24.05 - Build Today Hitter Features failed with code 1 
[SUCCESS] Sat 08/23/2025 17:13:20.11 - Finalize Hitter Features completed 
[SUCCESS] Sat 08/23/2025 17:13:20.75 - Finalize Pitcher Features completed 
[SUCCESS] Sat 08/23/2025 17:13:29.49 - Add Pitcher Context completed 
[ERROR] Sat 08/23/2025 17:13:30.15 - Apply Real Player Stats failed with code 1 
[ERROR] Sat 08/23/2025 17:14:54.81 - Enhanced DFS Game State Pipeline failed with code 1 
[SUCCESS] Sat 08/23/2025 17:15:50.62 - Finalize Hitter Features completed 
[SUCCESS] Sat 08/23/2025 17:15:51.25 - Finalize Pitcher Features completed 
[SUCCESS] Sat 08/23/2025 17:15:53.08 - Add Pitcher Context completed 
[ERROR] Sat 08/23/2025 17:15:53.92 - Apply Real Player Stats failed with code 1 
[SUCCESS] Sat 08/23/2025 17:19:04.53 - Finalize Hitter Features completed 
[SUCCESS] Sat 08/23/2025 17:19:05.16 - Finalize Pitcher Features completed 
[SUCCESS] Sat 08/23/2025 17:19:06.96 - Add Pitcher Context completed 
[SUCCESS] Sat 08/23/2025 17:19:07.97 - Apply Real Player Stats completed 
[SUCCESS] Sat 08/23/2025 17:19:18.71 - FanDuel Submission Format completed 
[ERROR] Sat 08/23/2025 17:20:17.34 - Enhanced DFS Game State Pipeline failed with code 1 
[SUCCESS] Sat 08/23/2025 17:25:44.74 - Core ML Analysis completed 
[ERROR] Sat 08/23/2025 17:26:12.99 - Underdog Fantasy Scraping (non-critical) failed with code 0 
[ERROR] Sat 08/23/2025 17:31:03.73 - Enhanced DFS Game State Pipeline failed with code 1 
[SUCCESS] Sat 08/23/2025 17:34:32.79 - Enhanced DFS Game State Pipeline completed 
